<?xml version="1.0" encoding="UTF-8"?><testsuite name="nosetests" tests="10" errors="0" failures="0" skip="0"><testcase classname="test.store.test_JSONEncoder.JSONCustomEncoderTest" name="testDateTimeEncoder" time="0" /><testcase classname="test.store.test_JSONEncoder.JSONCustomEncoderTest" name="testObjectIdEncoder" time="0" /><testcase classname="test.web.testproject.test_kalamna.WebOperations" name="testBasicGet" time="0" /><testcase classname="test.test_configuration.ConfigurationTest" name="testDefaults" time="0" /><testcase classname="test.test_configuration.ConfigurationTest" name="testDefaultsOverlaying" time="0" /><testcase classname="test.test_configuration.ConfigurationTest" name="testDumpFile" time="0" /><testcase classname="test.test_configuration.ConfigurationTest" name="testLoadingFromFile" time="0" /><testcase classname="test.test_configuration.ConfigurationTest" name="testLoadingFromFileObj" time="0" /><testcase classname="test.test_globals.GlobalsTest" name="testMemCache" time="0" /><testcase classname="test.test_httpServer.HttpServerTest" name="testRestartability" time="1" /></testsuite>